0 info it worked if it ends with ok
1 verbose cli [ 'D:\\Program Files\\nodejs\\node.exe',
1 verbose cli   'C:\\Users\\shuyuqiong\\AppData\\Roaming\\npm\\node_modules\\npm\\bin\\npm-cli.js',
1 verbose cli   'run',
1 verbose cli   'lint',
1 verbose cli   'D:\\workspace\\react-summary\\app\\pages\\example.js',
1 verbose cli   'D:\\workspace\\react-summary\\app\\pages\\base\\example.js',
1 verbose cli   'D:\\workspace\\react-summary\\app\\mocks\\http.js',
1 verbose cli   'D:\\workspace\\react-summary\\app\\components\\clock\\clock.js',
1 verbose cli   'D:\\workspace\\react-summary\\app\\components\\autoComplete\\SearchBar.js',
1 verbose cli   'D:\\workspace\\react-summary\\app\\components\\autoComplete\\ProductTable.js',
1 verbose cli   'D:\\workspace\\react-summary\\app\\components\\autoComplete\\ProductRow.js',
1 verbose cli   'D:\\workspace\\react-summary\\app\\components\\autoComplete\\CategoryRow.js',
1 verbose cli   'D:\\workspace\\react-summary\\app\\components\\autoComplete\\AutoComplete.js' ]
2 info using npm@4.0.2
3 info using node@v10.15.3
4 verbose run-script [ 'prelint', 'lint', 'postlint' ]
5 info lifecycle react-admin@0.0.5~prelint: react-admin@0.0.5
6 silly lifecycle react-admin@0.0.5~prelint: no script for prelint, continuing
7 info lifecycle react-admin@0.0.5~lint: react-admin@0.0.5
8 verbose lifecycle react-admin@0.0.5~lint: unsafe-perm in lifecycle true
9 verbose lifecycle react-admin@0.0.5~lint: PATH: C:\Users\shuyuqiong\AppData\Roaming\npm\node_modules\npm\bin\node-gyp-bin;D:\workspace\react-summary\node_modules\.bin;D:\workspace\react-summary\node_modules\.bin;D:\workspace\node_modules\.bin;D:\node_modules\.bin;D:\Program Files\nodejs;D:\workspace\react-summary\node_modules\.bin;D:\workspace\node_modules\.bin;D:\node_modules\.bin;D:\Program Files\nodejs;D:\Program Files\Git\mingw64/libexec/git-core;D:\Program Files\Git\mingw64\bin;D:\Program Files\Git\usr\bin;C:\Users\shuyuqiong\bin;C:\Users\shuyuqiong\AppData\Local\Programs\Python\Python36-32;c:\program files\graphicsmagick-1.3.26-q8;C:\Program Files (x86)\Common Files\NetSarang;C:\Program Files (x86)\Intel\iCLS Client\;C:\Program Files\Intel\iCLS Client\;C:\windows\system32;C:\windows;C:\windows\System32\Wbem;C:\windows\System32\WindowsPowerShell\v1.0\;C:\Program Files\Intel\Intel(R) Management Engine Components\DAL;C:\Program Files\Intel\Intel(R) Management Engine Components\IPT;C:\Program Files (x86)\Intel\Intel(R) Management Engine Components\DAL;C:\Program Files (x86)\Intel\Intel(R) Management Engine Components\IPT;C:\Program Files\Java\jdk1.7.0_79\bin;C:\Program Files\Java\jdk1.7.0_79\jre\bin;D:\Program Files\Git\bin;D:\Program Files\SlikSvn\bin;D:\other_install\apache-tomcat-7.0.81\bin;D:\Program Files\TortoiseSVN\bin;D:\Program Files\Microsoft VS Code\bin;D:\Program Files (x86)\Yarn\bin\;D:\Program Files\nodejs\;C:\Users\shuyuqiong\AppData\Local\Programs\Python\Python36\Scripts\;C:\Users\shuyuqiong\AppData\Local\Programs\Python\Python36\;C:\Users\shuyuqiong\AppData\Local\Programs\Python\Python36-32\Scripts\;C:\Users\shuyuqiong\AppData\Local\Programs\Python\Python36-32\;D:\Program Files\Microsoft VS Code\bin;C:\Users\shuyuqiong\AppData\Local\Yarn\bin;C:\Users\shuyuqiong\AppData\Roaming\npm
10 verbose lifecycle react-admin@0.0.5~lint: CWD: D:\workspace\react-summary
11 silly lifecycle react-admin@0.0.5~lint: Args: [ '/d /s /c',
11 silly lifecycle   'eslint ./ --cache --fix --ignore-pattern .gitignore "D:\\workspace\\react-summary\\app\\pages\\example.js" "D:\\workspace\\react-summary\\app\\pages\\base\\example.js" "D:\\workspace\\react-summary\\app\\mocks\\http.js" "D:\\workspace\\react-summary\\app\\components\\clock\\clock.js" "D:\\workspace\\react-summary\\app\\components\\autoComplete\\SearchBar.js" "D:\\workspace\\react-summary\\app\\components\\autoComplete\\ProductTable.js" "D:\\workspace\\react-summary\\app\\components\\autoComplete\\ProductRow.js" "D:\\workspace\\react-summary\\app\\components\\autoComplete\\CategoryRow.js" "D:\\workspace\\react-summary\\app\\components\\autoComplete\\AutoComplete.js"' ]
12 silly lifecycle react-admin@0.0.5~lint: Returned: code: 1  signal: null
13 info lifecycle react-admin@0.0.5~lint: Failed to exec lint script
14 verbose stack Error: react-admin@0.0.5 lint: `eslint ./ --cache --fix --ignore-pattern .gitignore "D:\workspace\react-summary\app\pages\example.js" "D:\workspace\react-summary\app\pages\base\example.js" "D:\workspace\react-summary\app\mocks\http.js" "D:\workspace\react-summary\app\components\clock\clock.js" "D:\workspace\react-summary\app\components\autoComplete\SearchBar.js" "D:\workspace\react-summary\app\components\autoComplete\ProductTable.js" "D:\workspace\react-summary\app\components\autoComplete\ProductRow.js" "D:\workspace\react-summary\app\components\autoComplete\CategoryRow.js" "D:\workspace\react-summary\app\components\autoComplete\AutoComplete.js"`
14 verbose stack Exit status 1
14 verbose stack     at EventEmitter.<anonymous> (C:\Users\shuyuqiong\AppData\Roaming\npm\node_modules\npm\lib\utils\lifecycle.js:279:16)
14 verbose stack     at EventEmitter.emit (events.js:189:13)
14 verbose stack     at ChildProcess.<anonymous> (C:\Users\shuyuqiong\AppData\Roaming\npm\node_modules\npm\lib\utils\spawn.js:40:14)
14 verbose stack     at ChildProcess.emit (events.js:189:13)
14 verbose stack     at maybeClose (internal/child_process.js:970:16)
14 verbose stack     at Process.ChildProcess._handle.onexit (internal/child_process.js:259:5)
15 verbose pkgid react-admin@0.0.5
16 verbose cwd D:\workspace\react-summary
17 error Windows_NT 6.1.7601
18 error argv "D:\\Program Files\\nodejs\\node.exe" "C:\\Users\\shuyuqiong\\AppData\\Roaming\\npm\\node_modules\\npm\\bin\\npm-cli.js" "run" "lint" "D:\\workspace\\react-summary\\app\\pages\\example.js" "D:\\workspace\\react-summary\\app\\pages\\base\\example.js" "D:\\workspace\\react-summary\\app\\mocks\\http.js" "D:\\workspace\\react-summary\\app\\components\\clock\\clock.js" "D:\\workspace\\react-summary\\app\\components\\autoComplete\\SearchBar.js" "D:\\workspace\\react-summary\\app\\components\\autoComplete\\ProductTable.js" "D:\\workspace\\react-summary\\app\\components\\autoComplete\\ProductRow.js" "D:\\workspace\\react-summary\\app\\components\\autoComplete\\CategoryRow.js" "D:\\workspace\\react-summary\\app\\components\\autoComplete\\AutoComplete.js"
19 error node v10.15.3
20 error npm  v4.0.2
21 error code ELIFECYCLE
22 error react-admin@0.0.5 lint: `eslint ./ --cache --fix --ignore-pattern .gitignore "D:\workspace\react-summary\app\pages\example.js" "D:\workspace\react-summary\app\pages\base\example.js" "D:\workspace\react-summary\app\mocks\http.js" "D:\workspace\react-summary\app\components\clock\clock.js" "D:\workspace\react-summary\app\components\autoComplete\SearchBar.js" "D:\workspace\react-summary\app\components\autoComplete\ProductTable.js" "D:\workspace\react-summary\app\components\autoComplete\ProductRow.js" "D:\workspace\react-summary\app\components\autoComplete\CategoryRow.js" "D:\workspace\react-summary\app\components\autoComplete\AutoComplete.js"`
22 error Exit status 1
23 error Failed at the react-admin@0.0.5 lint script 'eslint ./ --cache --fix --ignore-pattern .gitignore "D:\workspace\react-summary\app\pages\example.js" "D:\workspace\react-summary\app\pages\base\example.js" "D:\workspace\react-summary\app\mocks\http.js" "D:\workspace\react-summary\app\components\clock\clock.js" "D:\workspace\react-summary\app\components\autoComplete\SearchBar.js" "D:\workspace\react-summary\app\components\autoComplete\ProductTable.js" "D:\workspace\react-summary\app\components\autoComplete\ProductRow.js" "D:\workspace\react-summary\app\components\autoComplete\CategoryRow.js" "D:\workspace\react-summary\app\components\autoComplete\AutoComplete.js"'.
23 error Make sure you have the latest version of node.js and npm installed.
23 error If you do, this is most likely a problem with the react-admin package,
23 error not with npm itself.
23 error Tell the author that this fails on your system:
23 error     eslint ./ --cache --fix --ignore-pattern .gitignore "D:\workspace\react-summary\app\pages\example.js" "D:\workspace\react-summary\app\pages\base\example.js" "D:\workspace\react-summary\app\mocks\http.js" "D:\workspace\react-summary\app\components\clock\clock.js" "D:\workspace\react-summary\app\components\autoComplete\SearchBar.js" "D:\workspace\react-summary\app\components\autoComplete\ProductTable.js" "D:\workspace\react-summary\app\components\autoComplete\ProductRow.js" "D:\workspace\react-summary\app\components\autoComplete\CategoryRow.js" "D:\workspace\react-summary\app\components\autoComplete\AutoComplete.js"
23 error You can get information on how to open an issue for this project with:
23 error     npm bugs react-admin
23 error Or if that isn't available, you can get their info via:
23 error     npm owner ls react-admin
23 error There is likely additional logging output above.
24 verbose exit [ 1, true ]
